2024/11/05 17:09:32 - mmengine - INFO - 
------------------------------------------------------------
System environment:
    sys.platform: linux
    Python: 3.9.7 (default, Sep 16 2021, 13:09:58) [GCC 7.5.0]
    CUDA available: True
    numpy_random_seed: 1706153540
    GPU 0: NVIDIA GeForce RTX 3090
    CUDA_HOME: /usr
    NVCC: Cuda compilation tools, release 10.1, V10.1.24
    GCC: gcc (Ubuntu 9.4.0-1ubuntu1~20.04.1) 9.4.0
    PyTorch: 1.11.0+cu115
    PyTorch compiling details: PyTorch built with:
  - GCC 7.3
  - C++ Version: 201402
  - Intel(R) Math Kernel Library Version 2020.0.0 Product Build 20191122 for Intel(R) 64 architecture applications
  - Intel(R) MKL-DNN v2.5.2 (Git Hash a9302535553c73243c632ad3c4c80beec3d19a1e)
  - OpenMP 201511 (a.k.a. OpenMP 4.5)
  - LAPACK is enabled (usually provided by MKL)
  - NNPACK is enabled
  - CPU capability usage: AVX2
  - CUDA Runtime 11.5
  - NVCC architecture flags: -gencode;arch=compute_37,code=sm_37;-gencode;arch=compute_50,code=sm_50;-gencode;arch=compute_60,code=sm_60;-gencode;arch=compute_70,code=sm_70;-gencode;arch=compute_75,code=sm_75;-gencode;arch=compute_80,code=sm_80;-gencode;arch=compute_86,code=sm_86
  - CuDNN 8.3.2
  - Magma 2.5.2
  - Build settings: BLAS_INFO=mkl, BUILD_TYPE=Release, CUDA_VERSION=11.5, CUDNN_VERSION=8.3.2, CXX_COMPILER=/opt/rh/devtoolset-7/root/usr/bin/c++, CXX_FLAGS= -Wno-deprecated -fvisibility-inlines-hidden -DUSE_PTHREADPOOL -fopenmp -DNDEBUG -DUSE_KINETO -DUSE_FBGEMM -DUSE_QNNPACK -DUSE_PYTORCH_QNNPACK -DUSE_XNNPACK -DSYMBOLICATE_MOBILE_DEBUG_HANDLE -DEDGE_PROFILER_USE_KINETO -O2 -fPIC -Wno-narrowing -Wall -Wextra -Werror=return-type -Wno-missing-field-initializers -Wno-type-limits -Wno-array-bounds -Wno-unknown-pragmas -Wno-sign-compare -Wno-unused-parameter -Wno-unused-function -Wno-unused-result -Wno-unused-local-typedefs -Wno-strict-overflow -Wno-strict-aliasing -Wno-error=deprecated-declarations -Wno-stringop-overflow -Wno-psabi -Wno-error=pedantic -Wno-error=redundant-decls -Wno-error=old-style-cast -fdiagnostics-color=always -faligned-new -Wno-unused-but-set-variable -Wno-maybe-uninitialized -fno-math-errno -fno-trapping-math -Werror=format -Wno-stringop-overflow, LAPACK_INFO=mkl, PERF_WITH_AVX=1, PERF_WITH_AVX2=1, PERF_WITH_AVX512=1, TORCH_VERSION=1.11.0, USE_CUDA=ON, USE_CUDNN=ON, USE_EXCEPTION_PTR=1, USE_GFLAGS=OFF, USE_GLOG=OFF, USE_MKL=ON, USE_MKLDNN=OFF, USE_MPI=OFF, USE_NCCL=ON, USE_NNPACK=ON, USE_OPENMP=ON, USE_ROCM=OFF, 

    TorchVision: 0.12.0+cu115
    OpenCV: 4.5.4
    MMEngine: 0.10.2

Runtime environment:
    cudnn_benchmark: False
    mp_cfg: {'mp_start_method': 'fork', 'opencv_num_threads': 0}
    dist_cfg: {'backend': 'nccl'}
    seed: 1706153540
    Distributed launcher: none
    Distributed training: False
    GPU number: 1
------------------------------------------------------------

2024/11/05 17:09:33 - mmengine - INFO - Config:
auto_scale_lr = dict(base_batch_size=16, enable=False)
backend_args = None
class_name = ('tree', )
data_root = '/home/test/桌面/mmdetection-main/data/tree/'
dataset_type = 'CocoDataset'
default_hooks = dict(
    checkpoint=dict(
        interval=1, max_keep_ckpts=1, save_best='auto', type='CheckpointHook'),
    logger=dict(interval=5, type='LoggerHook'),
    param_scheduler=dict(type='ParamSchedulerHook'),
    sampler_seed=dict(type='DistSamplerSeedHook'),
    timer=dict(type='IterTimerHook'),
    visualization=dict(type='DetVisualizationHook'))
default_scope = 'mmdet'
env_cfg = dict(
    cudnn_benchmark=False,
    dist_cfg=dict(backend='nccl'),
    mp_cfg=dict(mp_start_method='fork', opencv_num_threads=0))
lang_model_name = 'bert-base-uncased'
launcher = 'none'
load_from = 'https://download.openmmlab.com/mmdetection/v3.0/grounding_dino/groundingdino_swint_ogc_mmdet-822d7e9d.pth'
log_level = 'INFO'
log_processor = dict(by_epoch=True, type='LogProcessor', window_size=50)
max_epoch = 100
max_epochs = 12
metainfo = dict(
    classes=('tree', ), palette=[
        (
            220,
            20,
            60,
        ),
    ])
model = dict(
    as_two_stage=True,
    backbone=dict(
        attn_drop_rate=0.0,
        convert_weights=False,
        depths=[
            2,
            2,
            6,
            2,
        ],
        drop_path_rate=0.2,
        drop_rate=0.0,
        embed_dims=96,
        mlp_ratio=4,
        num_heads=[
            3,
            6,
            12,
            24,
        ],
        out_indices=(
            1,
            2,
            3,
        ),
        patch_norm=True,
        qk_scale=None,
        qkv_bias=True,
        type='SwinTransformer',
        window_size=7,
        with_cp=True),
    bbox_head=dict(
        contrastive_cfg=dict(bias=False, log_scale=0.0, max_text_len=256),
        loss_bbox=dict(loss_weight=5.0, type='L1Loss'),
        loss_cls=dict(
            alpha=0.25,
            gamma=2.0,
            loss_weight=1.0,
            type='FocalLoss',
            use_sigmoid=True),
        loss_iou=dict(loss_weight=2.0, type='GIoULoss'),
        num_classes=1,
        sync_cls_avg_factor=True,
        type='GroundingDINOHead'),
    data_preprocessor=dict(
        bgr_to_rgb=True,
        mean=[
            123.675,
            116.28,
            103.53,
        ],
        pad_mask=False,
        std=[
            58.395,
            57.12,
            57.375,
        ],
        type='DetDataPreprocessor'),
    decoder=dict(
        layer_cfg=dict(
            cross_attn_cfg=dict(dropout=0.0, embed_dims=256, num_heads=8),
            cross_attn_text_cfg=dict(dropout=0.0, embed_dims=256, num_heads=8),
            ffn_cfg=dict(
                embed_dims=256, feedforward_channels=2048, ffn_drop=0.0),
            self_attn_cfg=dict(dropout=0.0, embed_dims=256, num_heads=8)),
        num_layers=6,
        post_norm_cfg=None,
        return_intermediate=True),
    dn_cfg=dict(
        box_noise_scale=1.0,
        group_cfg=dict(dynamic=True, num_dn_queries=100, num_groups=None),
        label_noise_scale=0.5),
    encoder=dict(
        fusion_layer_cfg=dict(
            embed_dim=1024,
            init_values=0.0001,
            l_dim=256,
            num_heads=4,
            v_dim=256),
        layer_cfg=dict(
            ffn_cfg=dict(
                embed_dims=256, feedforward_channels=2048, ffn_drop=0.0),
            self_attn_cfg=dict(dropout=0.0, embed_dims=256, num_levels=4)),
        num_cp=6,
        num_layers=6,
        text_layer_cfg=dict(
            ffn_cfg=dict(
                embed_dims=256, feedforward_channels=1024, ffn_drop=0.0),
            self_attn_cfg=dict(dropout=0.0, embed_dims=256, num_heads=4))),
    language_model=dict(
        add_pooling_layer=False,
        name='bert-base-uncased',
        pad_to_max=False,
        special_tokens_list=[
            '[CLS]',
            '[SEP]',
            '.',
            '?',
        ],
        type='BertModel',
        use_sub_sentence_represent=True),
    neck=dict(
        act_cfg=None,
        bias=True,
        in_channels=[
            192,
            384,
            768,
        ],
        kernel_size=1,
        norm_cfg=dict(num_groups=32, type='GN'),
        num_outs=4,
        out_channels=256,
        type='ChannelMapper'),
    num_queries=900,
    positional_encoding=dict(
        normalize=True, num_feats=128, offset=0.0, temperature=20),
    test_cfg=dict(max_per_img=300),
    train_cfg=dict(
        assigner=dict(
            match_costs=[
                dict(type='BinaryFocalLossCost', weight=2.0),
                dict(box_format='xywh', type='BBoxL1Cost', weight=5.0),
                dict(iou_mode='giou', type='IoUCost', weight=2.0),
            ],
            type='HungarianAssigner')),
    type='GroundingDINO',
    with_box_refine=True)
num_classes = 1
optim_wrapper = dict(
    clip_grad=dict(max_norm=0.1, norm_type=2),
    optimizer=dict(lr=5e-05, type='AdamW', weight_decay=0.0001),
    paramwise_cfg=dict(
        custom_keys=dict(
            absolute_pos_embed=dict(decay_mult=0.0),
            backbone=dict(lr_mult=0.1),
            language_model=dict(lr_mult=0))),
    type='OptimWrapper')
param_scheduler = [
    dict(begin=0, by_epoch=False, end=30, start_factor=0.001, type='LinearLR'),
    dict(
        begin=0,
        by_epoch=True,
        end=100,
        gamma=0.1,
        milestones=[
            15,
        ],
        type='MultiStepLR'),
]
resume = False
test_cfg = dict(type='TestLoop')
test_dataloader = dict(
    batch_size=2,
    dataset=dict(
        ann_file='annotations/test.json',
        backend_args=None,
        data_prefix=dict(img='images/'),
        data_root='/home/test/桌面/mmdetection-main/data/tree/',
        metainfo=dict(classes=('tree', ), palette=[
            (
                220,
                20,
                60,
            ),
        ]),
        pipeline=[
            dict(backend_args=None, type='LoadImageFromFile'),
            dict(keep_ratio=True, scale=(
                800,
                1333,
            ), type='FixScaleResize'),
            dict(type='LoadAnnotations', with_bbox=True),
            dict(
                meta_keys=(
                    'img_id',
                    'img_path',
                    'ori_shape',
                    'img_shape',
                    'scale_factor',
                    'text',
                    'custom_entities',
                ),
                type='PackDetInputs'),
        ],
        return_classes=True,
        test_mode=True,
        type='CocoDataset'),
    drop_last=False,
    num_workers=2,
    persistent_workers=True,
    sampler=dict(shuffle=False, type='DefaultSampler'))
test_evaluator = dict(
    ann_file='/home/test/桌面/mmdetection-main/data/tree/annotations/test.json',
    backend_args=None,
    format_only=False,
    metric='bbox',
    type='CocoMetric')
test_pipeline = [
    dict(backend_args=None, type='LoadImageFromFile'),
    dict(keep_ratio=True, scale=(
        800,
        1333,
    ), type='FixScaleResize'),
    dict(type='LoadAnnotations', with_bbox=True),
    dict(
        meta_keys=(
            'img_id',
            'img_path',
            'ori_shape',
            'img_shape',
            'scale_factor',
            'text',
            'custom_entities',
        ),
        type='PackDetInputs'),
]
train_cfg = dict(max_epochs=100, type='EpochBasedTrainLoop', val_interval=1)
train_dataloader = dict(
    batch_sampler=dict(type='AspectRatioBatchSampler'),
    batch_size=2,
    dataset=dict(
        ann_file='annotations/trainval.json',
        backend_args=None,
        data_prefix=dict(img='images/'),
        data_root='/home/test/桌面/mmdetection-main/data/tree/',
        filter_cfg=dict(filter_empty_gt=False, min_size=32),
        metainfo=dict(classes=('tree', ), palette=[
            (
                220,
                20,
                60,
            ),
        ]),
        pipeline=[
            dict(backend_args=None, type='LoadImageFromFile'),
            dict(type='LoadAnnotations', with_bbox=True),
            dict(prob=0.5, type='RandomFlip'),
            dict(
                transforms=[
                    [
                        dict(
                            keep_ratio=True,
                            scales=[
                                (
                                    480,
                                    1333,
                                ),
                                (
                                    512,
                                    1333,
                                ),
                                (
                                    544,
                                    1333,
                                ),
                                (
                                    576,
                                    1333,
                                ),
                                (
                                    608,
                                    1333,
                                ),
                                (
                                    640,
                                    1333,
                                ),
                                (
                                    672,
                                    1333,
                                ),
                                (
                                    704,
                                    1333,
                                ),
                                (
                                    736,
                                    1333,
                                ),
                                (
                                    768,
                                    1333,
                                ),
                                (
                                    800,
                                    1333,
                                ),
                            ],
                            type='RandomChoiceResize'),
                    ],
                    [
                        dict(
                            keep_ratio=True,
                            scales=[
                                (
                                    400,
                                    4200,
                                ),
                                (
                                    500,
                                    4200,
                                ),
                                (
                                    600,
                                    4200,
                                ),
                            ],
                            type='RandomChoiceResize'),
                        dict(
                            allow_negative_crop=True,
                            crop_size=(
                                384,
                                600,
                            ),
                            crop_type='absolute_range',
                            type='RandomCrop'),
                        dict(
                            keep_ratio=True,
                            scales=[
                                (
                                    480,
                                    1333,
                                ),
                                (
                                    512,
                                    1333,
                                ),
                                (
                                    544,
                                    1333,
                                ),
                                (
                                    576,
                                    1333,
                                ),
                                (
                                    608,
                                    1333,
                                ),
                                (
                                    640,
                                    1333,
                                ),
                                (
                                    672,
                                    1333,
                                ),
                                (
                                    704,
                                    1333,
                                ),
                                (
                                    736,
                                    1333,
                                ),
                                (
                                    768,
                                    1333,
                                ),
                                (
                                    800,
                                    1333,
                                ),
                            ],
                            type='RandomChoiceResize'),
                    ],
                ],
                type='RandomChoice'),
            dict(
                meta_keys=(
                    'img_id',
                    'img_path',
                    'ori_shape',
                    'img_shape',
                    'scale_factor',
                    'flip',
                    'flip_direction',
                    'text',
                    'custom_entities',
                ),
                type='PackDetInputs'),
        ],
        return_classes=True,
        type='CocoDataset'),
    num_workers=2,
    persistent_workers=True,
    sampler=dict(shuffle=True, type='DefaultSampler'))
train_pipeline = [
    dict(backend_args=None, type='LoadImageFromFile'),
    dict(type='LoadAnnotations', with_bbox=True),
    dict(prob=0.5, type='RandomFlip'),
    dict(
        transforms=[
            [
                dict(
                    keep_ratio=True,
                    scales=[
                        (
                            480,
                            1333,
                        ),
                        (
                            512,
                            1333,
                        ),
                        (
                            544,
                            1333,
                        ),
                        (
                            576,
                            1333,
                        ),
                        (
                            608,
                            1333,
                        ),
                        (
                            640,
                            1333,
                        ),
                        (
                            672,
                            1333,
                        ),
                        (
                            704,
                            1333,
                        ),
                        (
                            736,
                            1333,
                        ),
                        (
                            768,
                            1333,
                        ),
                        (
                            800,
                            1333,
                        ),
                    ],
                    type='RandomChoiceResize'),
            ],
            [
                dict(
                    keep_ratio=True,
                    scales=[
                        (
                            400,
                            4200,
                        ),
                        (
                            500,
                            4200,
                        ),
                        (
                            600,
                            4200,
                        ),
                    ],
                    type='RandomChoiceResize'),
                dict(
                    allow_negative_crop=True,
                    crop_size=(
                        384,
                        600,
                    ),
                    crop_type='absolute_range',
                    type='RandomCrop'),
                dict(
                    keep_ratio=True,
                    scales=[
                        (
                            480,
                            1333,
                        ),
                        (
                            512,
                            1333,
                        ),
                        (
                            544,
                            1333,
                        ),
                        (
                            576,
                            1333,
                        ),
                        (
                            608,
                            1333,
                        ),
                        (
                            640,
                            1333,
                        ),
                        (
                            672,
                            1333,
                        ),
                        (
                            704,
                            1333,
                        ),
                        (
                            736,
                            1333,
                        ),
                        (
                            768,
                            1333,
                        ),
                        (
                            800,
                            1333,
                        ),
                    ],
                    type='RandomChoiceResize'),
            ],
        ],
        type='RandomChoice'),
    dict(
        meta_keys=(
            'img_id',
            'img_path',
            'ori_shape',
            'img_shape',
            'scale_factor',
            'flip',
            'flip_direction',
            'text',
            'custom_entities',
        ),
        type='PackDetInputs'),
]
val_cfg = dict(type='ValLoop')
val_dataloader = dict(
    batch_size=2,
    dataset=dict(
        ann_file='annotations/test.json',
        backend_args=None,
        data_prefix=dict(img='images/'),
        data_root='/home/test/桌面/mmdetection-main/data/tree/',
        metainfo=dict(classes=('tree', ), palette=[
            (
                220,
                20,
                60,
            ),
        ]),
        pipeline=[
            dict(backend_args=None, type='LoadImageFromFile'),
            dict(keep_ratio=True, scale=(
                800,
                1333,
            ), type='FixScaleResize'),
            dict(type='LoadAnnotations', with_bbox=True),
            dict(
                meta_keys=(
                    'img_id',
                    'img_path',
                    'ori_shape',
                    'img_shape',
                    'scale_factor',
                    'text',
                    'custom_entities',
                ),
                type='PackDetInputs'),
        ],
        return_classes=True,
        test_mode=True,
        type='CocoDataset'),
    drop_last=False,
    num_workers=2,
    persistent_workers=True,
    sampler=dict(shuffle=False, type='DefaultSampler'))
val_evaluator = dict(
    ann_file='/home/test/桌面/mmdetection-main/data/tree/annotations/test.json',
    backend_args=None,
    format_only=False,
    metric='bbox',
    type='CocoMetric')
vis_backends = [
    dict(type='LocalVisBackend'),
]
visualizer = dict(
    name='visualizer',
    type='DetLocalVisualizer',
    vis_backends=[
        dict(type='LocalVisBackend'),
    ])
work_dir = './work_dirs/grounding_dino_swin-t_finetune_8xb2_100e_tree'

2024/11/05 17:09:37 - mmengine - INFO - Distributed training is not used, all SyncBatchNorm (SyncBN) layers in the model will be automatically reverted to BatchNormXd layers if they are used.
2024/11/05 17:09:37 - mmengine - INFO - Hooks will be executed in the following order:
before_run:
(VERY_HIGH   ) RuntimeInfoHook                    
(BELOW_NORMAL) LoggerHook                         
 -------------------- 
before_train:
(VERY_HIGH   ) RuntimeInfoHook                    
(NORMAL      ) IterTimerHook                      
(VERY_LOW    ) CheckpointHook                     
 -------------------- 
before_train_epoch:
(VERY_HIGH   ) RuntimeInfoHook                    
(NORMAL      ) IterTimerHook                      
(NORMAL      ) DistSamplerSeedHook                
 -------------------- 
before_train_iter:
(VERY_HIGH   ) RuntimeInfoHook                    
(NORMAL      ) IterTimerHook                      
 -------------------- 
after_train_iter:
(VERY_HIGH   ) RuntimeInfoHook                    
(NORMAL      ) IterTimerHook                      
(BELOW_NORMAL) LoggerHook                         
(LOW         ) ParamSchedulerHook                 
(VERY_LOW    ) CheckpointHook                     
 -------------------- 
after_train_epoch:
(NORMAL      ) IterTimerHook                      
(LOW         ) ParamSchedulerHook                 
(VERY_LOW    ) CheckpointHook                     
 -------------------- 
before_val:
(VERY_HIGH   ) RuntimeInfoHook                    
 -------------------- 
before_val_epoch:
(NORMAL      ) IterTimerHook                      
 -------------------- 
before_val_iter:
(NORMAL      ) IterTimerHook                      
 -------------------- 
after_val_iter:
(NORMAL      ) IterTimerHook                      
(NORMAL      ) DetVisualizationHook               
(BELOW_NORMAL) LoggerHook                         
 -------------------- 
after_val_epoch:
(VERY_HIGH   ) RuntimeInfoHook                    
(NORMAL      ) IterTimerHook                      
(BELOW_NORMAL) LoggerHook                         
(LOW         ) ParamSchedulerHook                 
(VERY_LOW    ) CheckpointHook                     
 -------------------- 
after_val:
(VERY_HIGH   ) RuntimeInfoHook                    
 -------------------- 
after_train:
(VERY_HIGH   ) RuntimeInfoHook                    
(VERY_LOW    ) CheckpointHook                     
 -------------------- 
before_test:
(VERY_HIGH   ) RuntimeInfoHook                    
 -------------------- 
before_test_epoch:
(NORMAL      ) IterTimerHook                      
 -------------------- 
before_test_iter:
(NORMAL      ) IterTimerHook                      
 -------------------- 
after_test_iter:
(NORMAL      ) IterTimerHook                      
(NORMAL      ) DetVisualizationHook               
(BELOW_NORMAL) LoggerHook                         
 -------------------- 
after_test_epoch:
(VERY_HIGH   ) RuntimeInfoHook                    
(NORMAL      ) IterTimerHook                      
(BELOW_NORMAL) LoggerHook                         
 -------------------- 
after_test:
(VERY_HIGH   ) RuntimeInfoHook                    
 -------------------- 
after_run:
(BELOW_NORMAL) LoggerHook                         
 -------------------- 
2024/11/05 17:09:39 - mmengine - INFO - Load checkpoint from https://download.openmmlab.com/mmdetection/v3.0/grounding_dino/groundingdino_swint_ogc_mmdet-822d7e9d.pth
2024/11/05 17:09:41 - mmengine - INFO - Epoch(test) [ 5/39]    eta: 0:00:15  time: 0.4448  data_time: 0.0194  memory: 1230  
2024/11/05 17:09:42 - mmengine - INFO - Epoch(test) [10/39]    eta: 0:00:08  time: 0.2890  data_time: 0.0108  memory: 1230  
2024/11/05 17:09:43 - mmengine - INFO - Epoch(test) [15/39]    eta: 0:00:05  time: 0.2377  data_time: 0.0080  memory: 1230  
2024/11/05 17:09:43 - mmengine - INFO - Epoch(test) [20/39]    eta: 0:00:04  time: 0.2109  data_time: 0.0066  memory: 1230  
2024/11/05 17:09:44 - mmengine - INFO - Epoch(test) [25/39]    eta: 0:00:02  time: 0.1948  data_time: 0.0057  memory: 1230  
2024/11/05 17:09:45 - mmengine - INFO - Epoch(test) [30/39]    eta: 0:00:01  time: 0.1840  data_time: 0.0052  memory: 1230  
2024/11/05 17:09:45 - mmengine - INFO - Epoch(test) [35/39]    eta: 0:00:00  time: 0.1762  data_time: 0.0048  memory: 1230  
2024/11/05 17:09:46 - mmengine - INFO - Evaluating bbox...
2024/11/05 17:09:49 - mmengine - INFO - bbox_mAP_copypaste: 0.141 0.400 0.075 0.200 0.183 0.071
2024/11/05 17:09:49 - mmengine - INFO - Epoch(test) [39/39]    coco/bbox_mAP: 0.1410  coco/bbox_mAP_50: 0.4000  coco/bbox_mAP_75: 0.0750  coco/bbox_mAP_s: 0.2000  coco/bbox_mAP_m: 0.1830  coco/bbox_mAP_l: 0.0710  data_time: 0.0045  time: 0.1705
